<?xml version="1.0" encoding="UTF-8"?>
<testsuites name="Mocha Tests" time="7.346" tests="2" failures="0">
  <testsuite name="Root Suite" timestamp="2022-11-25T16:53:25" tests="0" file="cypress/integration/sample_spec.js" failures="0" time="0">
  </testsuite>
  <testsuite name="My First Test" timestamp="2022-11-25T16:53:25" tests="1" failures="0" time="0.051">
    <testcase name="My First Test Does not do much!" time="0.051" classname="Does not do much!">
    </testcase>
  </testsuite>
  <testsuite name="My second test" timestamp="2022-11-25T16:53:25" tests="1" failures="0" time="7.295">
    <testcase name="My second test Gets, types and asserts" time="7.295" classname="Gets, types and asserts">
    </testcase>
  </testsuite>
</testsuites>